-------------------------------------------------------------------------------
Test set: com.xebia.okr.OkrApplicationTests
-------------------------------------------------------------------------------
Tests run: 1, Failures: 0, Errors: 1, Skipped: 0, Time elapsed: 3.639 s <<< FAILURE! - in com.xebia.okr.OkrApplicationTests
contextLoads(com.xebia.okr.OkrApplicationTests)  Time elapsed: 0.001 s  <<< ERROR!
java.lang.IllegalStateException: Failed to load ApplicationContext
Caused by: org.springframework.beans.factory.BeanCreationException: Error creating bean with name 'entityManagerFactory' defined in class path resource [org/springframework/boot/autoconfigure/orm/jpa/HibernateJpaConfiguration.class]: Invocation of init method failed; nested exception is org.hibernate.AnnotationException: mappedBy reference an unknown target entity property: com.xebia.okr.model.KeyResult.objective_id in com.xebia.okr.model.Objective.objective
Caused by: org.hibernate.AnnotationException: mappedBy reference an unknown target entity property: com.xebia.okr.model.KeyResult.objective_id in com.xebia.okr.model.Objective.objective

